<?xml version="1.0" encoding="UTF-8"?>
<!-- Generated by org.testng.reporters.JUnitXMLReporter -->
<testsuite ignored="0" hostname="DESKTOP-1Q442FK" failures="0" tests="7" name="Default test" time="96.994" errors="0" timestamp="03 May 2023 07:57:18 GMT">
  <testcase classname="com.trustlypay.qa.testcases.DashBoardTest" name="testCustomDateDashBoard" time="6.456"/>
  <testcase classname="com.trustlypay.qa.testcases.DashBoardTest" name="testLast30DashBoard" time="14.139"/>
  <testcase classname="com.trustlypay.qa.testcases.DashBoardTest" name="testLast7DashBoard" time="6.741"/>
  <testcase classname="com.trustlypay.qa.testcases.DashBoardTest" name="testLastMonthDashBoard" time="13.998"/>
  <testcase classname="com.trustlypay.qa.testcases.DashBoardTest" name="testThisMonthDashBoard" time="8.191"/>
  <testcase classname="com.trustlypay.qa.testcases.DashBoardTest" name="testTodayDashBoard" time="7.46"/>
  <testcase classname="com.trustlypay.qa.testcases.DashBoardTest" name="testYesterdayDashBoard" time="7.732"/>
</testsuite> <!-- Default test -->
