<?xml version="1.0" encoding="UTF-8"?>
<testng-results ignored="0" total="7" passed="7" failed="0" skipped="0">
  <reporter-output>
  </reporter-output>
  <suite started-at="2023-05-03T07:55:41Z" name="Default suite" finished-at="2023-05-03T07:57:18Z" duration-ms="96994">
    <groups>
    </groups>
    <test started-at="2023-05-03T07:55:41Z" name="Default test" finished-at="2023-05-03T07:57:18Z" duration-ms="96994">
      <class name="com.trustlypay.qa.testcases.DashBoardTest">
        <test-method is-config="true" signature="setUop()[pri:0, instance:com.trustlypay.qa.testcases.DashBoardTest@82ea68c]" started-at="2023-05-03T07:55:41Z" name="setUop" finished-at="2023-05-03T07:55:48Z" duration-ms="6760" status="PASS">
          <reporter-output>
          </reporter-output>
        </test-method> <!-- setUop -->
        <test-method signature="testCustomDateDashBoard()[pri:0, instance:com.trustlypay.qa.testcases.DashBoardTest@82ea68c]" started-at="2023-05-03T07:55:48Z" name="testCustomDateDashBoard" finished-at="2023-05-03T07:55:54Z" duration-ms="6456" status="PASS">
          <reporter-output>
          </reporter-output>
        </test-method> <!-- testCustomDateDashBoard -->
        <test-method is-config="true" signature="tearDown()[pri:0, instance:com.trustlypay.qa.testcases.DashBoardTest@82ea68c]" started-at="2023-05-03T07:55:54Z" name="tearDown" finished-at="2023-05-03T07:55:54Z" duration-ms="224" status="PASS">
          <reporter-output>
          </reporter-output>
        </test-method> <!-- tearDown -->
        <test-method is-config="true" signature="setUop()[pri:0, instance:com.trustlypay.qa.testcases.DashBoardTest@82ea68c]" started-at="2023-05-03T07:55:54Z" name="setUop" finished-at="2023-05-03T07:55:57Z" duration-ms="3157" status="PASS">
          <reporter-output>
          </reporter-output>
        </test-method> <!-- setUop -->
        <test-method signature="testLast30DashBoard()[pri:0, instance:com.trustlypay.qa.testcases.DashBoardTest@82ea68c]" started-at="2023-05-03T07:55:57Z" name="testLast30DashBoard" finished-at="2023-05-03T07:56:12Z" duration-ms="14139" status="PASS">
          <reporter-output>
          </reporter-output>
        </test-method> <!-- testLast30DashBoard -->
        <test-method is-config="true" signature="tearDown()[pri:0, instance:com.trustlypay.qa.testcases.DashBoardTest@82ea68c]" started-at="2023-05-03T07:56:12Z" name="tearDown" finished-at="2023-05-03T07:56:12Z" duration-ms="228" status="PASS">
          <reporter-output>
          </reporter-output>
        </test-method> <!-- tearDown -->
        <test-method is-config="true" signature="setUop()[pri:0, instance:com.trustlypay.qa.testcases.DashBoardTest@82ea68c]" started-at="2023-05-03T07:56:12Z" name="setUop" finished-at="2023-05-03T07:56:16Z" duration-ms="4326" status="PASS">
          <reporter-output>
          </reporter-output>
        </test-method> <!-- setUop -->
        <test-method signature="testLast7DashBoard()[pri:0, instance:com.trustlypay.qa.testcases.DashBoardTest@82ea68c]" started-at="2023-05-03T07:56:16Z" name="testLast7DashBoard" finished-at="2023-05-03T07:56:23Z" duration-ms="6741" status="PASS">
          <reporter-output>
          </reporter-output>
        </test-method> <!-- testLast7DashBoard -->
        <test-method is-config="true" signature="tearDown()[pri:0, instance:com.trustlypay.qa.testcases.DashBoardTest@82ea68c]" started-at="2023-05-03T07:56:23Z" name="tearDown" finished-at="2023-05-03T07:56:23Z" duration-ms="171" status="PASS">
          <reporter-output>
          </reporter-output>
        </test-method> <!-- tearDown -->
        <test-method is-config="true" signature="setUop()[pri:0, instance:com.trustlypay.qa.testcases.DashBoardTest@82ea68c]" started-at="2023-05-03T07:56:23Z" name="setUop" finished-at="2023-05-03T07:56:28Z" duration-ms="4649" status="PASS">
          <reporter-output>
          </reporter-output>
        </test-method> <!-- setUop -->
        <test-method signature="testLastMonthDashBoard()[pri:0, instance:com.trustlypay.qa.testcases.DashBoardTest@82ea68c]" started-at="2023-05-03T07:56:28Z" name="testLastMonthDashBoard" finished-at="2023-05-03T07:56:42Z" duration-ms="13998" status="PASS">
          <reporter-output>
          </reporter-output>
        </test-method> <!-- testLastMonthDashBoard -->
        <test-method is-config="true" signature="tearDown()[pri:0, instance:com.trustlypay.qa.testcases.DashBoardTest@82ea68c]" started-at="2023-05-03T07:56:42Z" name="tearDown" finished-at="2023-05-03T07:56:42Z" duration-ms="193" status="PASS">
          <reporter-output>
          </reporter-output>
        </test-method> <!-- tearDown -->
        <test-method is-config="true" signature="setUop()[pri:0, instance:com.trustlypay.qa.testcases.DashBoardTest@82ea68c]" started-at="2023-05-03T07:56:42Z" name="setUop" finished-at="2023-05-03T07:56:46Z" duration-ms="3975" status="PASS">
          <reporter-output>
          </reporter-output>
        </test-method> <!-- setUop -->
        <test-method signature="testThisMonthDashBoard()[pri:0, instance:com.trustlypay.qa.testcases.DashBoardTest@82ea68c]" started-at="2023-05-03T07:56:46Z" name="testThisMonthDashBoard" finished-at="2023-05-03T07:56:54Z" duration-ms="8191" status="PASS">
          <reporter-output>
          </reporter-output>
        </test-method> <!-- testThisMonthDashBoard -->
        <test-method is-config="true" signature="tearDown()[pri:0, instance:com.trustlypay.qa.testcases.DashBoardTest@82ea68c]" started-at="2023-05-03T07:56:54Z" name="tearDown" finished-at="2023-05-03T07:56:54Z" duration-ms="174" status="PASS">
          <reporter-output>
          </reporter-output>
        </test-method> <!-- tearDown -->
        <test-method is-config="true" signature="setUop()[pri:0, instance:com.trustlypay.qa.testcases.DashBoardTest@82ea68c]" started-at="2023-05-03T07:56:54Z" name="setUop" finished-at="2023-05-03T07:56:58Z" duration-ms="4087" status="PASS">
          <reporter-output>
          </reporter-output>
        </test-method> <!-- setUop -->
        <test-method signature="testTodayDashBoard()[pri:0, instance:com.trustlypay.qa.testcases.DashBoardTest@82ea68c]" started-at="2023-05-03T07:56:58Z" name="testTodayDashBoard" finished-at="2023-05-03T07:57:06Z" duration-ms="7460" status="PASS">
          <reporter-output>
          </reporter-output>
        </test-method> <!-- testTodayDashBoard -->
        <test-method is-config="true" signature="tearDown()[pri:0, instance:com.trustlypay.qa.testcases.DashBoardTest@82ea68c]" started-at="2023-05-03T07:57:06Z" name="tearDown" finished-at="2023-05-03T07:57:06Z" duration-ms="178" status="PASS">
          <reporter-output>
          </reporter-output>
        </test-method> <!-- tearDown -->
        <test-method is-config="true" signature="setUop()[pri:0, instance:com.trustlypay.qa.testcases.DashBoardTest@82ea68c]" started-at="2023-05-03T07:57:06Z" name="setUop" finished-at="2023-05-03T07:57:10Z" duration-ms="3975" status="PASS">
          <reporter-output>
          </reporter-output>
        </test-method> <!-- setUop -->
        <test-method signature="testYesterdayDashBoard()[pri:0, instance:com.trustlypay.qa.testcases.DashBoardTest@82ea68c]" started-at="2023-05-03T07:57:10Z" name="testYesterdayDashBoard" finished-at="2023-05-03T07:57:18Z" duration-ms="7732" status="PASS">
          <reporter-output>
          </reporter-output>
        </test-method> <!-- testYesterdayDashBoard -->
        <test-method is-config="true" signature="tearDown()[pri:0, instance:com.trustlypay.qa.testcases.DashBoardTest@82ea68c]" started-at="2023-05-03T07:57:18Z" name="tearDown" finished-at="2023-05-03T07:57:18Z" duration-ms="149" status="PASS">
          <reporter-output>
          </reporter-output>
        </test-method> <!-- tearDown -->
      </class> <!-- com.trustlypay.qa.testcases.DashBoardTest -->
    </test> <!-- Default test -->
  </suite> <!-- Default suite -->
</testng-results>
