<?xml version="1.0" encoding="UTF-8"?>
<!-- Generated by org.testng.reporters.JUnitXMLReporter -->
<testsuite ignored="0" hostname="DESKTOP-1Q442FK" failures="0" tests="11" name="Trustly Pay" time="113.21" errors="0" timestamp="03 May 2023 07:42:20 GMT">
  <testcase classname="com.trustlypay.qa.testcases.LoginPageTest" name="logintest" time="6.004"/>
  <testcase classname="com.trustlypay.qa.testcases.LoginPageTest" name="testLoginTitle" time="0.015"/>
  <testcase classname="com.trustlypay.qa.testcases.SinupTest" name="registerButtontest" time="1.007"/>
  <testcase classname="com.trustlypay.qa.testcases.SinupTest" name="registration" time="1.665"/>
  <testcase classname="com.trustlypay.qa.testcases.DashBoardTest" name="testCustomDateDashBoard" time="6.395"/>
  <testcase classname="com.trustlypay.qa.testcases.DashBoardTest" name="testLast30DashBoard" time="13.963"/>
  <testcase classname="com.trustlypay.qa.testcases.DashBoardTest" name="testLast7DashBoard" time="6.172"/>
  <testcase classname="com.trustlypay.qa.testcases.DashBoardTest" name="testLastMonthDashBoard" time="7.858"/>
  <testcase classname="com.trustlypay.qa.testcases.DashBoardTest" name="testThisMonthDashBoard" time="13.818"/>
  <testcase classname="com.trustlypay.qa.testcases.DashBoardTest" name="testTodayDashBoard" time="7.153"/>
  <testcase classname="com.trustlypay.qa.testcases.DashBoardTest" name="testYesterdayDashBoard" time="7.676"/>
</testsuite> <!-- Trustly Pay -->
